<?xml version="1.0" encoding="UTF-8"?>
<!-- Generated by org.testng.reporters.JUnitXMLReporter -->
<testsuite ignored="1" hostname="Administrator" failures="0" tests="1" name="Default test" time="83.172" errors="0" timestamp="2024-12-31T07:35:01 IST">
  <testcase classname="Campaign.CreateCampaignsTest" name="execute" time="0.054"/>
  <testcase classname="Campaign.CreateCampaignsTest" name="createCampaignsTest" time="0.0">
    <ignored/>
  </testcase> <!-- createCampaignsTest -->
</testsuite> <!-- Default test -->
